<?xml version="1.0" encoding="UTF-8"?>
<!-- Generated by org.testng.reporters.JUnitReportReporter -->
<testsuite skipped="0" hostname="Ektas-MacBook-Air.local" name="Sel.NewTest" tests="1" failures="0" timestamp="09 Jun 2019 10:32:57 GMT" time="8.623" errors="0">
  <testcase name="testCase" time="8.623" classname="Sel.NewTest"/>
</testsuite> <!-- Sel.NewTest -->
